<?xml version="1.0" encoding="UTF-8"?>
<testsuite xmlns:xsi="http://www.w3.org/2001/XMLSchema-instance" xsi:noNamespaceSchemaLocation="https://maven.apache.org/surefire/maven-surefire-plugin/xsd/surefire-test-report.xsd" name="com.nikh.spark.AppTest" time="0.082" tests="1" errors="0" skipped="0" failures="0">
  <properties>
    <property name="sun.desktop" value="windows"/>
    <property name="awt.toolkit" value="sun.awt.windows.WToolkit"/>
    <property name="file.encoding.pkg" value="sun.io"/>
    <property name="java.specification.version" value="1.8"/>
    <property name="sun.cpu.isalist" value="amd64"/>
    <property name="sun.jnu.encoding" value="Cp1252"/>
    <property name="java.class.path" value="C:\Users\ndh00279\eclipse-workspace\Spark-Java\spark\target\test-classes;C:\Users\ndh00279\eclipse-workspace\Spark-Java\spark\target\classes;C:\Users\ndh00279\.m2\repository\org\apache\spark\spark-core_2.10\2.0.0\spark-core_2.10-2.0.0.jar;C:\Users\ndh00279\.m2\repository\org\apache\avro\avro-mapred\1.7.7\avro-mapred-1.7.7-hadoop2.jar;C:\Users\ndh00279\.m2\repository\org\apache\avro\avro-ipc\1.7.7\avro-ipc-1.7.7.jar;C:\Users\ndh00279\.m2\repository\org\apache\avro\avro\1.7.7\avro-1.7.7.jar;C:\Users\ndh00279\.m2\repository\org\apache\avro\avro-ipc\1.7.7\avro-ipc-1.7.7-tests.jar;C:\Users\ndh00279\.m2\repository\com\twitter\chill_2.10\0.8.0\chill_2.10-0.8.0.jar;C:\Users\ndh00279\.m2\repository\com\esotericsoftware\kryo-shaded\3.0.3\kryo-shaded-3.0.3.jar;C:\Users\ndh00279\.m2\repository\com\esotericsoftware\minlog\1.3.0\minlog-1.3.0.jar;C:\Users\ndh00279\.m2\repository\org\objenesis\objenesis\2.1\objenesis-2.1.jar;C:\Users\ndh00279\.m2\repository\com\twitter\chill-java\0.8.0\chill-java-0.8.0.jar;C:\Users\ndh00279\.m2\repository\org\apache\xbean\xbean-asm5-shaded\4.4\xbean-asm5-shaded-4.4.jar;C:\Users\ndh00279\.m2\repository\org\apache\hadoop\hadoop-client\2.2.0\hadoop-client-2.2.0.jar;C:\Users\ndh00279\.m2\repository\org\apache\hadoop\hadoop-common\2.2.0\hadoop-common-2.2.0.jar;C:\Users\ndh00279\.m2\repository\org\apache\commons\commons-math\2.1\commons-math-2.1.jar;C:\Users\ndh00279\.m2\repository\commons-configuration\commons-configuration\1.6\commons-configuration-1.6.jar;C:\Users\ndh00279\.m2\repository\commons-collections\commons-collections\3.2.1\commons-collections-3.2.1.jar;C:\Users\ndh00279\.m2\repository\commons-digester\commons-digester\1.8\commons-digester-1.8.jar;C:\Users\ndh00279\.m2\repository\commons-beanutils\commons-beanutils\1.7.0\commons-beanutils-1.7.0.jar;C:\Users\ndh00279\.m2\repository\commons-beanutils\commons-beanutils-core\1.8.0\commons-beanutils-core-1.8.0.jar;C:\Users\ndh00279\.m2\repository\org\apache\hadoop\hadoop-auth\2.2.0\hadoop-auth-2.2.0.jar;C:\Users\ndh00279\.m2\repository\org\apache\commons\commons-compress\1.4.1\commons-compress-1.4.1.jar;C:\Users\ndh00279\.m2\repository\org\tukaani\xz\1.0\xz-1.0.jar;C:\Users\ndh00279\.m2\repository\org\apache\hadoop\hadoop-mapreduce-client-app\2.2.0\hadoop-mapreduce-client-app-2.2.0.jar;C:\Users\ndh00279\.m2\repository\org\apache\hadoop\hadoop-mapreduce-client-common\2.2.0\hadoop-mapreduce-client-common-2.2.0.jar;C:\Users\ndh00279\.m2\repository\org\apache\hadoop\hadoop-yarn-client\2.2.0\hadoop-yarn-client-2.2.0.jar;C:\Users\ndh00279\.m2\repository\com\google\inject\guice\3.0\guice-3.0.jar;C:\Users\ndh00279\.m2\repository\javax\inject\javax.inject\1\javax.inject-1.jar;C:\Users\ndh00279\.m2\repository\aopalliance\aopalliance\1.0\aopalliance-1.0.jar;C:\Users\ndh00279\.m2\repository\org\apache\hadoop\hadoop-yarn-server-common\2.2.0\hadoop-yarn-server-common-2.2.0.jar;C:\Users\ndh00279\.m2\repository\org\apache\hadoop\hadoop-mapreduce-client-shuffle\2.2.0\hadoop-mapreduce-client-shuffle-2.2.0.jar;C:\Users\ndh00279\.m2\repository\org\apache\hadoop\hadoop-yarn-api\2.2.0\hadoop-yarn-api-2.2.0.jar;C:\Users\ndh00279\.m2\repository\org\apache\hadoop\hadoop-mapreduce-client-core\2.2.0\hadoop-mapreduce-client-core-2.2.0.jar;C:\Users\ndh00279\.m2\repository\org\apache\hadoop\hadoop-yarn-common\2.2.0\hadoop-yarn-common-2.2.0.jar;C:\Users\ndh00279\.m2\repository\org\apache\hadoop\hadoop-mapreduce-client-jobclient\2.2.0\hadoop-mapreduce-client-jobclient-2.2.0.jar;C:\Users\ndh00279\.m2\repository\org\apache\hadoop\hadoop-annotations\2.2.0\hadoop-annotations-2.2.0.jar;C:\Users\ndh00279\.m2\repository\org\apache\spark\spark-launcher_2.10\2.0.0\spark-launcher_2.10-2.0.0.jar;C:\Users\ndh00279\.m2\repository\org\apache\spark\spark-network-common_2.10\2.0.0\spark-network-common_2.10-2.0.0.jar;C:\Users\ndh00279\.m2\repository\org\apache\spark\spark-network-shuffle_2.10\2.0.0\spark-network-shuffle_2.10-2.0.0.jar;C:\Users\ndh00279\.m2\repository\org\fusesource\leveldbjni\leveldbjni-all\1.8\leveldbjni-all-1.8.jar;C:\Users\ndh00279\.m2\repository\com\fasterxml\jackson\core\jackson-annotations\2.6.5\jackson-annotations-2.6.5.jar;C:\Users\ndh00279\.m2\repository\org\apache\spark\spark-unsafe_2.10\2.0.0\spark-unsafe_2.10-2.0.0.jar;C:\Users\ndh00279\.m2\repository\net\java\dev\jets3t\jets3t\0.7.1\jets3t-0.7.1.jar;C:\Users\ndh00279\.m2\repository\commons-httpclient\commons-httpclient\3.1\commons-httpclient-3.1.jar;C:\Users\ndh00279\.m2\repository\org\apache\curator\curator-recipes\2.4.0\curator-recipes-2.4.0.jar;C:\Users\ndh00279\.m2\repository\org\apache\curator\curator-framework\2.4.0\curator-framework-2.4.0.jar;C:\Users\ndh00279\.m2\repository\org\apache\curator\curator-client\2.4.0\curator-client-2.4.0.jar;C:\Users\ndh00279\.m2\repository\org\apache\zookeeper\zookeeper\3.4.5\zookeeper-3.4.5.jar;C:\Users\ndh00279\.m2\repository\javax\servlet\javax.servlet-api\3.1.0\javax.servlet-api-3.1.0.jar;C:\Users\ndh00279\.m2\repository\org\apache\commons\commons-lang3\3.3.2\commons-lang3-3.3.2.jar;C:\Users\ndh00279\.m2\repository\org\apache\commons\commons-math3\3.4.1\commons-math3-3.4.1.jar;C:\Users\ndh00279\.m2\repository\com\google\code\findbugs\jsr305\1.3.9\jsr305-1.3.9.jar;C:\Users\ndh00279\.m2\repository\org\slf4j\slf4j-api\1.7.16\slf4j-api-1.7.16.jar;C:\Users\ndh00279\.m2\repository\org\slf4j\jul-to-slf4j\1.7.16\jul-to-slf4j-1.7.16.jar;C:\Users\ndh00279\.m2\repository\org\slf4j\jcl-over-slf4j\1.7.16\jcl-over-slf4j-1.7.16.jar;C:\Users\ndh00279\.m2\repository\log4j\log4j\1.2.17\log4j-1.2.17.jar;C:\Users\ndh00279\.m2\repository\org\slf4j\slf4j-log4j12\1.7.16\slf4j-log4j12-1.7.16.jar;C:\Users\ndh00279\.m2\repository\com\ning\compress-lzf\1.0.3\compress-lzf-1.0.3.jar;C:\Users\ndh00279\.m2\repository\org\xerial\snappy\snappy-java\1.1.2.4\snappy-java-1.1.2.4.jar;C:\Users\ndh00279\.m2\repository\net\jpountz\lz4\lz4\1.3.0\lz4-1.3.0.jar;C:\Users\ndh00279\.m2\repository\org\roaringbitmap\RoaringBitmap\0.5.11\RoaringBitmap-0.5.11.jar;C:\Users\ndh00279\.m2\repository\commons-net\commons-net\2.2\commons-net-2.2.jar;C:\Users\ndh00279\.m2\repository\org\scala-lang\scala-library\2.10.6\scala-library-2.10.6.jar;C:\Users\ndh00279\.m2\repository\org\json4s\json4s-jackson_2.10\3.2.11\json4s-jackson_2.10-3.2.11.jar;C:\Users\ndh00279\.m2\repository\org\json4s\json4s-core_2.10\3.2.11\json4s-core_2.10-3.2.11.jar;C:\Users\ndh00279\.m2\repository\org\json4s\json4s-ast_2.10\3.2.11\json4s-ast_2.10-3.2.11.jar;C:\Users\ndh00279\.m2\repository\com\thoughtworks\paranamer\paranamer\2.6\paranamer-2.6.jar;C:\Users\ndh00279\.m2\repository\org\scala-lang\scalap\2.10.0\scalap-2.10.0.jar;C:\Users\ndh00279\.m2\repository\org\scala-lang\scala-compiler\2.10.0\scala-compiler-2.10.0.jar;C:\Users\ndh00279\.m2\repository\org\glassfish\jersey\core\jersey-client\2.22.2\jersey-client-2.22.2.jar;C:\Users\ndh00279\.m2\repository\javax\ws\rs\javax.ws.rs-api\2.0.1\javax.ws.rs-api-2.0.1.jar;C:\Users\ndh00279\.m2\repository\org\glassfish\hk2\hk2-api\2.4.0-b34\hk2-api-2.4.0-b34.jar;C:\Users\ndh00279\.m2\repository\org\glassfish\hk2\hk2-utils\2.4.0-b34\hk2-utils-2.4.0-b34.jar;C:\Users\ndh00279\.m2\repository\org\glassfish\hk2\external\aopalliance-repackaged\2.4.0-b34\aopalliance-repackaged-2.4.0-b34.jar;C:\Users\ndh00279\.m2\repository\org\glassfish\hk2\external\javax.inject\2.4.0-b34\javax.inject-2.4.0-b34.jar;C:\Users\ndh00279\.m2\repository\org\glassfish\hk2\hk2-locator\2.4.0-b34\hk2-locator-2.4.0-b34.jar;C:\Users\ndh00279\.m2\repository\org\javassist\javassist\3.18.1-GA\javassist-3.18.1-GA.jar;C:\Users\ndh00279\.m2\repository\org\glassfish\jersey\core\jersey-common\2.22.2\jersey-common-2.22.2.jar;C:\Users\ndh00279\.m2\repository\javax\annotation\javax.annotation-api\1.2\javax.annotation-api-1.2.jar;C:\Users\ndh00279\.m2\repository\org\glassfish\jersey\bundles\repackaged\jersey-guava\2.22.2\jersey-guava-2.22.2.jar;C:\Users\ndh00279\.m2\repository\org\glassfish\hk2\osgi-resource-locator\1.0.1\osgi-resource-locator-1.0.1.jar;C:\Users\ndh00279\.m2\repository\org\glassfish\jersey\core\jersey-server\2.22.2\jersey-server-2.22.2.jar;C:\Users\ndh00279\.m2\repository\org\glassfish\jersey\media\jersey-media-jaxb\2.22.2\jersey-media-jaxb-2.22.2.jar;C:\Users\ndh00279\.m2\repository\javax\validation\validation-api\1.1.0.Final\validation-api-1.1.0.Final.jar;C:\Users\ndh00279\.m2\repository\org\glassfish\jersey\containers\jersey-container-servlet\2.22.2\jersey-container-servlet-2.22.2.jar;C:\Users\ndh00279\.m2\repository\org\glassfish\jersey\containers\jersey-container-servlet-core\2.22.2\jersey-container-servlet-core-2.22.2.jar;C:\Users\ndh00279\.m2\repository\org\apache\mesos\mesos\0.21.1\mesos-0.21.1-shaded-protobuf.jar;C:\Users\ndh00279\.m2\repository\io\netty\netty-all\4.0.29.Final\netty-all-4.0.29.Final.jar;C:\Users\ndh00279\.m2\repository\io\netty\netty\3.8.0.Final\netty-3.8.0.Final.jar;C:\Users\ndh00279\.m2\repository\com\clearspring\analytics\stream\2.7.0\stream-2.7.0.jar;C:\Users\ndh00279\.m2\repository\io\dropwizard\metrics\metrics-core\3.1.2\metrics-core-3.1.2.jar;C:\Users\ndh00279\.m2\repository\io\dropwizard\metrics\metrics-jvm\3.1.2\metrics-jvm-3.1.2.jar;C:\Users\ndh00279\.m2\repository\io\dropwizard\metrics\metrics-json\3.1.2\metrics-json-3.1.2.jar;C:\Users\ndh00279\.m2\repository\io\dropwizard\metrics\metrics-graphite\3.1.2\metrics-graphite-3.1.2.jar;C:\Users\ndh00279\.m2\repository\com\fasterxml\jackson\core\jackson-databind\2.6.5\jackson-databind-2.6.5.jar;C:\Users\ndh00279\.m2\repository\com\fasterxml\jackson\core\jackson-core\2.6.5\jackson-core-2.6.5.jar;C:\Users\ndh00279\.m2\repository\com\fasterxml\jackson\module\jackson-module-scala_2.10\2.6.5\jackson-module-scala_2.10-2.6.5.jar;C:\Users\ndh00279\.m2\repository\org\scala-lang\scala-reflect\2.10.6\scala-reflect-2.10.6.jar;C:\Users\ndh00279\.m2\repository\com\fasterxml\jackson\module\jackson-module-paranamer\2.6.5\jackson-module-paranamer-2.6.5.jar;C:\Users\ndh00279\.m2\repository\org\apache\ivy\ivy\2.4.0\ivy-2.4.0.jar;C:\Users\ndh00279\.m2\repository\oro\oro\2.0.8\oro-2.0.8.jar;C:\Users\ndh00279\.m2\repository\net\razorvine\pyrolite\4.9\pyrolite-4.9.jar;C:\Users\ndh00279\.m2\repository\net\sf\py4j\py4j\0.10.1\py4j-0.10.1.jar;C:\Users\ndh00279\.m2\repository\org\apache\spark\spark-tags_2.10\2.0.0\spark-tags_2.10-2.0.0.jar;C:\Users\ndh00279\.m2\repository\org\scalatest\scalatest_2.10\2.2.6\scalatest_2.10-2.2.6.jar;C:\Users\ndh00279\.m2\repository\org\spark-project\spark\unused\1.0.0\unused-1.0.0.jar;C:\Users\ndh00279\.m2\repository\org\apache\spark\spark-sql_2.10\2.0.0\spark-sql_2.10-2.0.0.jar;C:\Users\ndh00279\.m2\repository\com\univocity\univocity-parsers\2.1.1\univocity-parsers-2.1.1.jar;C:\Users\ndh00279\.m2\repository\org\apache\spark\spark-sketch_2.10\2.0.0\spark-sketch_2.10-2.0.0.jar;C:\Users\ndh00279\.m2\repository\org\apache\spark\spark-catalyst_2.10\2.0.0\spark-catalyst_2.10-2.0.0.jar;C:\Users\ndh00279\.m2\repository\org\codehaus\janino\janino\2.7.8\janino-2.7.8.jar;C:\Users\ndh00279\.m2\repository\org\codehaus\janino\commons-compiler\2.7.8\commons-compiler-2.7.8.jar;C:\Users\ndh00279\.m2\repository\org\antlr\antlr4-runtime\4.5.3\antlr4-runtime-4.5.3.jar;C:\Users\ndh00279\.m2\repository\org\apache\parquet\parquet-column\1.7.0\parquet-column-1.7.0.jar;C:\Users\ndh00279\.m2\repository\org\apache\parquet\parquet-common\1.7.0\parquet-common-1.7.0.jar;C:\Users\ndh00279\.m2\repository\org\apache\parquet\parquet-encoding\1.7.0\parquet-encoding-1.7.0.jar;C:\Users\ndh00279\.m2\repository\org\apache\parquet\parquet-generator\1.7.0\parquet-generator-1.7.0.jar;C:\Users\ndh00279\.m2\repository\org\apache\parquet\parquet-hadoop\1.7.0\parquet-hadoop-1.7.0.jar;C:\Users\ndh00279\.m2\repository\org\apache\parquet\parquet-format\2.3.0-incubating\parquet-format-2.3.0-incubating.jar;C:\Users\ndh00279\.m2\repository\org\apache\parquet\parquet-jackson\1.7.0\parquet-jackson-1.7.0.jar;C:\Users\ndh00279\.m2\repository\org\apache\spark\spark-streaming_2.10\2.0.0\spark-streaming_2.10-2.0.0.jar;C:\Users\ndh00279\.m2\repository\org\apache\spark\spark-streaming-kafka-0-10_2.10\2.0.0\spark-streaming-kafka-0-10_2.10-2.0.0.jar;C:\Users\ndh00279\.m2\repository\org\apache\kafka\kafka_2.10\0.10.0.0\kafka_2.10-0.10.0.0.jar;C:\Users\ndh00279\.m2\repository\com\101tec\zkclient\0.8\zkclient-0.8.jar;C:\Users\ndh00279\.m2\repository\com\yammer\metrics\metrics-core\2.2.0\metrics-core-2.2.0.jar;C:\Users\ndh00279\.m2\repository\org\apache\kafka\kafka-clients\0.10.0.0\kafka-clients-0.10.0.0.jar;C:\Users\ndh00279\.m2\repository\org\apache\hadoop\hadoop-hdfs\2.2.0\hadoop-hdfs-2.2.0.jar;C:\Users\ndh00279\.m2\repository\com\google\guava\guava\11.0.2\guava-11.0.2.jar;C:\Users\ndh00279\.m2\repository\org\mortbay\jetty\jetty\6.1.26\jetty-6.1.26.jar;C:\Users\ndh00279\.m2\repository\org\mortbay\jetty\jetty-util\6.1.26\jetty-util-6.1.26.jar;C:\Users\ndh00279\.m2\repository\com\sun\jersey\jersey-core\1.9\jersey-core-1.9.jar;C:\Users\ndh00279\.m2\repository\com\sun\jersey\jersey-server\1.9\jersey-server-1.9.jar;C:\Users\ndh00279\.m2\repository\asm\asm\3.1\asm-3.1.jar;C:\Users\ndh00279\.m2\repository\commons-cli\commons-cli\1.2\commons-cli-1.2.jar;C:\Users\ndh00279\.m2\repository\commons-codec\commons-codec\1.4\commons-codec-1.4.jar;C:\Users\ndh00279\.m2\repository\commons-io\commons-io\2.1\commons-io-2.1.jar;C:\Users\ndh00279\.m2\repository\commons-lang\commons-lang\2.5\commons-lang-2.5.jar;C:\Users\ndh00279\.m2\repository\commons-logging\commons-logging\1.1.1\commons-logging-1.1.1.jar;C:\Users\ndh00279\.m2\repository\commons-daemon\commons-daemon\1.0.13\commons-daemon-1.0.13.jar;C:\Users\ndh00279\.m2\repository\javax\servlet\jsp\jsp-api\2.1\jsp-api-2.1.jar;C:\Users\ndh00279\.m2\repository\com\google\protobuf\protobuf-java\2.5.0\protobuf-java-2.5.0.jar;C:\Users\ndh00279\.m2\repository\javax\servlet\servlet-api\2.5\servlet-api-2.5.jar;C:\Users\ndh00279\.m2\repository\org\codehaus\jackson\jackson-core-asl\1.8.8\jackson-core-asl-1.8.8.jar;C:\Users\ndh00279\.m2\repository\org\codehaus\jackson\jackson-mapper-asl\1.8.8\jackson-mapper-asl-1.8.8.jar;C:\Users\ndh00279\.m2\repository\tomcat\jasper-runtime\5.5.23\jasper-runtime-5.5.23.jar;C:\Users\ndh00279\.m2\repository\commons-el\commons-el\1.0\commons-el-1.0.jar;C:\Users\ndh00279\.m2\repository\xmlenc\xmlenc\0.52\xmlenc-0.52.jar;C:\Users\ndh00279\.m2\repository\junit\junit\4.11\junit-4.11.jar;C:\Users\ndh00279\.m2\repository\org\hamcrest\hamcrest-core\1.3\hamcrest-core-1.3.jar;C:\Users\ndh00279\.m2\repository\org\bigml\bigml-binding\1.4\bigml-binding-1.4.jar;C:\Users\ndh00279\.m2\repository\org\apache\commons\commons-csv\1.1\commons-csv-1.1.jar;C:\Users\ndh00279\.m2\repository\com\googlecode\json-simple\json-simple\1.1.1\json-simple-1.1.1.jar;"/>
    <property name="java.vm.vendor" value="Oracle Corporation"/>
    <property name="sun.arch.data.model" value="64"/>
    <property name="user.variant" value=""/>
    <property name="java.vendor.url" value="http://java.oracle.com/"/>
    <property name="user.timezone" value="Asia/Calcutta"/>
    <property name="java.vm.specification.version" value="1.8"/>
    <property name="os.name" value="Windows 10"/>
    <property name="user.country" value="IN"/>
    <property name="sun.java.launcher" value="SUN_STANDARD"/>
    <property name="sun.boot.library.path" value="C:\Program Files\Java\jdk1.8.0_191\jre\bin"/>
    <property name="sun.java.command" value="C:\Users\ndh00279\AppData\Local\Temp\surefire4277628202717228501\surefirebooter7061740798205533499.jar C:\Users\ndh00279\AppData\Local\Temp\surefire4277628202717228501 2019-02-23T02-48-14_400-jvmRun1 surefire734199626104128130tmp surefire_01193242193768643740tmp"/>
    <property name="surefire.test.class.path" value="C:\Users\ndh00279\eclipse-workspace\Spark-Java\spark\target\test-classes;C:\Users\ndh00279\eclipse-workspace\Spark-Java\spark\target\classes;C:\Users\ndh00279\.m2\repository\org\apache\spark\spark-core_2.10\2.0.0\spark-core_2.10-2.0.0.jar;C:\Users\ndh00279\.m2\repository\org\apache\avro\avro-mapred\1.7.7\avro-mapred-1.7.7-hadoop2.jar;C:\Users\ndh00279\.m2\repository\org\apache\avro\avro-ipc\1.7.7\avro-ipc-1.7.7.jar;C:\Users\ndh00279\.m2\repository\org\apache\avro\avro\1.7.7\avro-1.7.7.jar;C:\Users\ndh00279\.m2\repository\org\apache\avro\avro-ipc\1.7.7\avro-ipc-1.7.7-tests.jar;C:\Users\ndh00279\.m2\repository\com\twitter\chill_2.10\0.8.0\chill_2.10-0.8.0.jar;C:\Users\ndh00279\.m2\repository\com\esotericsoftware\kryo-shaded\3.0.3\kryo-shaded-3.0.3.jar;C:\Users\ndh00279\.m2\repository\com\esotericsoftware\minlog\1.3.0\minlog-1.3.0.jar;C:\Users\ndh00279\.m2\repository\org\objenesis\objenesis\2.1\objenesis-2.1.jar;C:\Users\ndh00279\.m2\repository\com\twitter\chill-java\0.8.0\chill-java-0.8.0.jar;C:\Users\ndh00279\.m2\repository\org\apache\xbean\xbean-asm5-shaded\4.4\xbean-asm5-shaded-4.4.jar;C:\Users\ndh00279\.m2\repository\org\apache\hadoop\hadoop-client\2.2.0\hadoop-client-2.2.0.jar;C:\Users\ndh00279\.m2\repository\org\apache\hadoop\hadoop-common\2.2.0\hadoop-common-2.2.0.jar;C:\Users\ndh00279\.m2\repository\org\apache\commons\commons-math\2.1\commons-math-2.1.jar;C:\Users\ndh00279\.m2\repository\commons-configuration\commons-configuration\1.6\commons-configuration-1.6.jar;C:\Users\ndh00279\.m2\repository\commons-collections\commons-collections\3.2.1\commons-collections-3.2.1.jar;C:\Users\ndh00279\.m2\repository\commons-digester\commons-digester\1.8\commons-digester-1.8.jar;C:\Users\ndh00279\.m2\repository\commons-beanutils\commons-beanutils\1.7.0\commons-beanutils-1.7.0.jar;C:\Users\ndh00279\.m2\repository\commons-beanutils\commons-beanutils-core\1.8.0\commons-beanutils-core-1.8.0.jar;C:\Users\ndh00279\.m2\repository\org\apache\hadoop\hadoop-auth\2.2.0\hadoop-auth-2.2.0.jar;C:\Users\ndh00279\.m2\repository\org\apache\commons\commons-compress\1.4.1\commons-compress-1.4.1.jar;C:\Users\ndh00279\.m2\repository\org\tukaani\xz\1.0\xz-1.0.jar;C:\Users\ndh00279\.m2\repository\org\apache\hadoop\hadoop-mapreduce-client-app\2.2.0\hadoop-mapreduce-client-app-2.2.0.jar;C:\Users\ndh00279\.m2\repository\org\apache\hadoop\hadoop-mapreduce-client-common\2.2.0\hadoop-mapreduce-client-common-2.2.0.jar;C:\Users\ndh00279\.m2\repository\org\apache\hadoop\hadoop-yarn-client\2.2.0\hadoop-yarn-client-2.2.0.jar;C:\Users\ndh00279\.m2\repository\com\google\inject\guice\3.0\guice-3.0.jar;C:\Users\ndh00279\.m2\repository\javax\inject\javax.inject\1\javax.inject-1.jar;C:\Users\ndh00279\.m2\repository\aopalliance\aopalliance\1.0\aopalliance-1.0.jar;C:\Users\ndh00279\.m2\repository\org\apache\hadoop\hadoop-yarn-server-common\2.2.0\hadoop-yarn-server-common-2.2.0.jar;C:\Users\ndh00279\.m2\repository\org\apache\hadoop\hadoop-mapreduce-client-shuffle\2.2.0\hadoop-mapreduce-client-shuffle-2.2.0.jar;C:\Users\ndh00279\.m2\repository\org\apache\hadoop\hadoop-yarn-api\2.2.0\hadoop-yarn-api-2.2.0.jar;C:\Users\ndh00279\.m2\repository\org\apache\hadoop\hadoop-mapreduce-client-core\2.2.0\hadoop-mapreduce-client-core-2.2.0.jar;C:\Users\ndh00279\.m2\repository\org\apache\hadoop\hadoop-yarn-common\2.2.0\hadoop-yarn-common-2.2.0.jar;C:\Users\ndh00279\.m2\repository\org\apache\hadoop\hadoop-mapreduce-client-jobclient\2.2.0\hadoop-mapreduce-client-jobclient-2.2.0.jar;C:\Users\ndh00279\.m2\repository\org\apache\hadoop\hadoop-annotations\2.2.0\hadoop-annotations-2.2.0.jar;C:\Users\ndh00279\.m2\repository\org\apache\spark\spark-launcher_2.10\2.0.0\spark-launcher_2.10-2.0.0.jar;C:\Users\ndh00279\.m2\repository\org\apache\spark\spark-network-common_2.10\2.0.0\spark-network-common_2.10-2.0.0.jar;C:\Users\ndh00279\.m2\repository\org\apache\spark\spark-network-shuffle_2.10\2.0.0\spark-network-shuffle_2.10-2.0.0.jar;C:\Users\ndh00279\.m2\repository\org\fusesource\leveldbjni\leveldbjni-all\1.8\leveldbjni-all-1.8.jar;C:\Users\ndh00279\.m2\repository\com\fasterxml\jackson\core\jackson-annotations\2.6.5\jackson-annotations-2.6.5.jar;C:\Users\ndh00279\.m2\repository\org\apache\spark\spark-unsafe_2.10\2.0.0\spark-unsafe_2.10-2.0.0.jar;C:\Users\ndh00279\.m2\repository\net\java\dev\jets3t\jets3t\0.7.1\jets3t-0.7.1.jar;C:\Users\ndh00279\.m2\repository\commons-httpclient\commons-httpclient\3.1\commons-httpclient-3.1.jar;C:\Users\ndh00279\.m2\repository\org\apache\curator\curator-recipes\2.4.0\curator-recipes-2.4.0.jar;C:\Users\ndh00279\.m2\repository\org\apache\curator\curator-framework\2.4.0\curator-framework-2.4.0.jar;C:\Users\ndh00279\.m2\repository\org\apache\curator\curator-client\2.4.0\curator-client-2.4.0.jar;C:\Users\ndh00279\.m2\repository\org\apache\zookeeper\zookeeper\3.4.5\zookeeper-3.4.5.jar;C:\Users\ndh00279\.m2\repository\javax\servlet\javax.servlet-api\3.1.0\javax.servlet-api-3.1.0.jar;C:\Users\ndh00279\.m2\repository\org\apache\commons\commons-lang3\3.3.2\commons-lang3-3.3.2.jar;C:\Users\ndh00279\.m2\repository\org\apache\commons\commons-math3\3.4.1\commons-math3-3.4.1.jar;C:\Users\ndh00279\.m2\repository\com\google\code\findbugs\jsr305\1.3.9\jsr305-1.3.9.jar;C:\Users\ndh00279\.m2\repository\org\slf4j\slf4j-api\1.7.16\slf4j-api-1.7.16.jar;C:\Users\ndh00279\.m2\repository\org\slf4j\jul-to-slf4j\1.7.16\jul-to-slf4j-1.7.16.jar;C:\Users\ndh00279\.m2\repository\org\slf4j\jcl-over-slf4j\1.7.16\jcl-over-slf4j-1.7.16.jar;C:\Users\ndh00279\.m2\repository\log4j\log4j\1.2.17\log4j-1.2.17.jar;C:\Users\ndh00279\.m2\repository\org\slf4j\slf4j-log4j12\1.7.16\slf4j-log4j12-1.7.16.jar;C:\Users\ndh00279\.m2\repository\com\ning\compress-lzf\1.0.3\compress-lzf-1.0.3.jar;C:\Users\ndh00279\.m2\repository\org\xerial\snappy\snappy-java\1.1.2.4\snappy-java-1.1.2.4.jar;C:\Users\ndh00279\.m2\repository\net\jpountz\lz4\lz4\1.3.0\lz4-1.3.0.jar;C:\Users\ndh00279\.m2\repository\org\roaringbitmap\RoaringBitmap\0.5.11\RoaringBitmap-0.5.11.jar;C:\Users\ndh00279\.m2\repository\commons-net\commons-net\2.2\commons-net-2.2.jar;C:\Users\ndh00279\.m2\repository\org\scala-lang\scala-library\2.10.6\scala-library-2.10.6.jar;C:\Users\ndh00279\.m2\repository\org\json4s\json4s-jackson_2.10\3.2.11\json4s-jackson_2.10-3.2.11.jar;C:\Users\ndh00279\.m2\repository\org\json4s\json4s-core_2.10\3.2.11\json4s-core_2.10-3.2.11.jar;C:\Users\ndh00279\.m2\repository\org\json4s\json4s-ast_2.10\3.2.11\json4s-ast_2.10-3.2.11.jar;C:\Users\ndh00279\.m2\repository\com\thoughtworks\paranamer\paranamer\2.6\paranamer-2.6.jar;C:\Users\ndh00279\.m2\repository\org\scala-lang\scalap\2.10.0\scalap-2.10.0.jar;C:\Users\ndh00279\.m2\repository\org\scala-lang\scala-compiler\2.10.0\scala-compiler-2.10.0.jar;C:\Users\ndh00279\.m2\repository\org\glassfish\jersey\core\jersey-client\2.22.2\jersey-client-2.22.2.jar;C:\Users\ndh00279\.m2\repository\javax\ws\rs\javax.ws.rs-api\2.0.1\javax.ws.rs-api-2.0.1.jar;C:\Users\ndh00279\.m2\repository\org\glassfish\hk2\hk2-api\2.4.0-b34\hk2-api-2.4.0-b34.jar;C:\Users\ndh00279\.m2\repository\org\glassfish\hk2\hk2-utils\2.4.0-b34\hk2-utils-2.4.0-b34.jar;C:\Users\ndh00279\.m2\repository\org\glassfish\hk2\external\aopalliance-repackaged\2.4.0-b34\aopalliance-repackaged-2.4.0-b34.jar;C:\Users\ndh00279\.m2\repository\org\glassfish\hk2\external\javax.inject\2.4.0-b34\javax.inject-2.4.0-b34.jar;C:\Users\ndh00279\.m2\repository\org\glassfish\hk2\hk2-locator\2.4.0-b34\hk2-locator-2.4.0-b34.jar;C:\Users\ndh00279\.m2\repository\org\javassist\javassist\3.18.1-GA\javassist-3.18.1-GA.jar;C:\Users\ndh00279\.m2\repository\org\glassfish\jersey\core\jersey-common\2.22.2\jersey-common-2.22.2.jar;C:\Users\ndh00279\.m2\repository\javax\annotation\javax.annotation-api\1.2\javax.annotation-api-1.2.jar;C:\Users\ndh00279\.m2\repository\org\glassfish\jersey\bundles\repackaged\jersey-guava\2.22.2\jersey-guava-2.22.2.jar;C:\Users\ndh00279\.m2\repository\org\glassfish\hk2\osgi-resource-locator\1.0.1\osgi-resource-locator-1.0.1.jar;C:\Users\ndh00279\.m2\repository\org\glassfish\jersey\core\jersey-server\2.22.2\jersey-server-2.22.2.jar;C:\Users\ndh00279\.m2\repository\org\glassfish\jersey\media\jersey-media-jaxb\2.22.2\jersey-media-jaxb-2.22.2.jar;C:\Users\ndh00279\.m2\repository\javax\validation\validation-api\1.1.0.Final\validation-api-1.1.0.Final.jar;C:\Users\ndh00279\.m2\repository\org\glassfish\jersey\containers\jersey-container-servlet\2.22.2\jersey-container-servlet-2.22.2.jar;C:\Users\ndh00279\.m2\repository\org\glassfish\jersey\containers\jersey-container-servlet-core\2.22.2\jersey-container-servlet-core-2.22.2.jar;C:\Users\ndh00279\.m2\repository\org\apache\mesos\mesos\0.21.1\mesos-0.21.1-shaded-protobuf.jar;C:\Users\ndh00279\.m2\repository\io\netty\netty-all\4.0.29.Final\netty-all-4.0.29.Final.jar;C:\Users\ndh00279\.m2\repository\io\netty\netty\3.8.0.Final\netty-3.8.0.Final.jar;C:\Users\ndh00279\.m2\repository\com\clearspring\analytics\stream\2.7.0\stream-2.7.0.jar;C:\Users\ndh00279\.m2\repository\io\dropwizard\metrics\metrics-core\3.1.2\metrics-core-3.1.2.jar;C:\Users\ndh00279\.m2\repository\io\dropwizard\metrics\metrics-jvm\3.1.2\metrics-jvm-3.1.2.jar;C:\Users\ndh00279\.m2\repository\io\dropwizard\metrics\metrics-json\3.1.2\metrics-json-3.1.2.jar;C:\Users\ndh00279\.m2\repository\io\dropwizard\metrics\metrics-graphite\3.1.2\metrics-graphite-3.1.2.jar;C:\Users\ndh00279\.m2\repository\com\fasterxml\jackson\core\jackson-databind\2.6.5\jackson-databind-2.6.5.jar;C:\Users\ndh00279\.m2\repository\com\fasterxml\jackson\core\jackson-core\2.6.5\jackson-core-2.6.5.jar;C:\Users\ndh00279\.m2\repository\com\fasterxml\jackson\module\jackson-module-scala_2.10\2.6.5\jackson-module-scala_2.10-2.6.5.jar;C:\Users\ndh00279\.m2\repository\org\scala-lang\scala-reflect\2.10.6\scala-reflect-2.10.6.jar;C:\Users\ndh00279\.m2\repository\com\fasterxml\jackson\module\jackson-module-paranamer\2.6.5\jackson-module-paranamer-2.6.5.jar;C:\Users\ndh00279\.m2\repository\org\apache\ivy\ivy\2.4.0\ivy-2.4.0.jar;C:\Users\ndh00279\.m2\repository\oro\oro\2.0.8\oro-2.0.8.jar;C:\Users\ndh00279\.m2\repository\net\razorvine\pyrolite\4.9\pyrolite-4.9.jar;C:\Users\ndh00279\.m2\repository\net\sf\py4j\py4j\0.10.1\py4j-0.10.1.jar;C:\Users\ndh00279\.m2\repository\org\apache\spark\spark-tags_2.10\2.0.0\spark-tags_2.10-2.0.0.jar;C:\Users\ndh00279\.m2\repository\org\scalatest\scalatest_2.10\2.2.6\scalatest_2.10-2.2.6.jar;C:\Users\ndh00279\.m2\repository\org\spark-project\spark\unused\1.0.0\unused-1.0.0.jar;C:\Users\ndh00279\.m2\repository\org\apache\spark\spark-sql_2.10\2.0.0\spark-sql_2.10-2.0.0.jar;C:\Users\ndh00279\.m2\repository\com\univocity\univocity-parsers\2.1.1\univocity-parsers-2.1.1.jar;C:\Users\ndh00279\.m2\repository\org\apache\spark\spark-sketch_2.10\2.0.0\spark-sketch_2.10-2.0.0.jar;C:\Users\ndh00279\.m2\repository\org\apache\spark\spark-catalyst_2.10\2.0.0\spark-catalyst_2.10-2.0.0.jar;C:\Users\ndh00279\.m2\repository\org\codehaus\janino\janino\2.7.8\janino-2.7.8.jar;C:\Users\ndh00279\.m2\repository\org\codehaus\janino\commons-compiler\2.7.8\commons-compiler-2.7.8.jar;C:\Users\ndh00279\.m2\repository\org\antlr\antlr4-runtime\4.5.3\antlr4-runtime-4.5.3.jar;C:\Users\ndh00279\.m2\repository\org\apache\parquet\parquet-column\1.7.0\parquet-column-1.7.0.jar;C:\Users\ndh00279\.m2\repository\org\apache\parquet\parquet-common\1.7.0\parquet-common-1.7.0.jar;C:\Users\ndh00279\.m2\repository\org\apache\parquet\parquet-encoding\1.7.0\parquet-encoding-1.7.0.jar;C:\Users\ndh00279\.m2\repository\org\apache\parquet\parquet-generator\1.7.0\parquet-generator-1.7.0.jar;C:\Users\ndh00279\.m2\repository\org\apache\parquet\parquet-hadoop\1.7.0\parquet-hadoop-1.7.0.jar;C:\Users\ndh00279\.m2\repository\org\apache\parquet\parquet-format\2.3.0-incubating\parquet-format-2.3.0-incubating.jar;C:\Users\ndh00279\.m2\repository\org\apache\parquet\parquet-jackson\1.7.0\parquet-jackson-1.7.0.jar;C:\Users\ndh00279\.m2\repository\org\apache\spark\spark-streaming_2.10\2.0.0\spark-streaming_2.10-2.0.0.jar;C:\Users\ndh00279\.m2\repository\org\apache\spark\spark-streaming-kafka-0-10_2.10\2.0.0\spark-streaming-kafka-0-10_2.10-2.0.0.jar;C:\Users\ndh00279\.m2\repository\org\apache\kafka\kafka_2.10\0.10.0.0\kafka_2.10-0.10.0.0.jar;C:\Users\ndh00279\.m2\repository\com\101tec\zkclient\0.8\zkclient-0.8.jar;C:\Users\ndh00279\.m2\repository\com\yammer\metrics\metrics-core\2.2.0\metrics-core-2.2.0.jar;C:\Users\ndh00279\.m2\repository\org\apache\kafka\kafka-clients\0.10.0.0\kafka-clients-0.10.0.0.jar;C:\Users\ndh00279\.m2\repository\org\apache\hadoop\hadoop-hdfs\2.2.0\hadoop-hdfs-2.2.0.jar;C:\Users\ndh00279\.m2\repository\com\google\guava\guava\11.0.2\guava-11.0.2.jar;C:\Users\ndh00279\.m2\repository\org\mortbay\jetty\jetty\6.1.26\jetty-6.1.26.jar;C:\Users\ndh00279\.m2\repository\org\mortbay\jetty\jetty-util\6.1.26\jetty-util-6.1.26.jar;C:\Users\ndh00279\.m2\repository\com\sun\jersey\jersey-core\1.9\jersey-core-1.9.jar;C:\Users\ndh00279\.m2\repository\com\sun\jersey\jersey-server\1.9\jersey-server-1.9.jar;C:\Users\ndh00279\.m2\repository\asm\asm\3.1\asm-3.1.jar;C:\Users\ndh00279\.m2\repository\commons-cli\commons-cli\1.2\commons-cli-1.2.jar;C:\Users\ndh00279\.m2\repository\commons-codec\commons-codec\1.4\commons-codec-1.4.jar;C:\Users\ndh00279\.m2\repository\commons-io\commons-io\2.1\commons-io-2.1.jar;C:\Users\ndh00279\.m2\repository\commons-lang\commons-lang\2.5\commons-lang-2.5.jar;C:\Users\ndh00279\.m2\repository\commons-logging\commons-logging\1.1.1\commons-logging-1.1.1.jar;C:\Users\ndh00279\.m2\repository\commons-daemon\commons-daemon\1.0.13\commons-daemon-1.0.13.jar;C:\Users\ndh00279\.m2\repository\javax\servlet\jsp\jsp-api\2.1\jsp-api-2.1.jar;C:\Users\ndh00279\.m2\repository\com\google\protobuf\protobuf-java\2.5.0\protobuf-java-2.5.0.jar;C:\Users\ndh00279\.m2\repository\javax\servlet\servlet-api\2.5\servlet-api-2.5.jar;C:\Users\ndh00279\.m2\repository\org\codehaus\jackson\jackson-core-asl\1.8.8\jackson-core-asl-1.8.8.jar;C:\Users\ndh00279\.m2\repository\org\codehaus\jackson\jackson-mapper-asl\1.8.8\jackson-mapper-asl-1.8.8.jar;C:\Users\ndh00279\.m2\repository\tomcat\jasper-runtime\5.5.23\jasper-runtime-5.5.23.jar;C:\Users\ndh00279\.m2\repository\commons-el\commons-el\1.0\commons-el-1.0.jar;C:\Users\ndh00279\.m2\repository\xmlenc\xmlenc\0.52\xmlenc-0.52.jar;C:\Users\ndh00279\.m2\repository\junit\junit\4.11\junit-4.11.jar;C:\Users\ndh00279\.m2\repository\org\hamcrest\hamcrest-core\1.3\hamcrest-core-1.3.jar;C:\Users\ndh00279\.m2\repository\org\bigml\bigml-binding\1.4\bigml-binding-1.4.jar;C:\Users\ndh00279\.m2\repository\org\apache\commons\commons-csv\1.1\commons-csv-1.1.jar;C:\Users\ndh00279\.m2\repository\com\googlecode\json-simple\json-simple\1.1.1\json-simple-1.1.1.jar;"/>
    <property name="sun.cpu.endian" value="little"/>
    <property name="user.home" value="C:\Users\ndh00279"/>
    <property name="user.language" value="en"/>
    <property name="java.specification.vendor" value="Oracle Corporation"/>
    <property name="java.home" value="C:\Program Files\Java\jdk1.8.0_191\jre"/>
    <property name="basedir" value="C:\Users\ndh00279\eclipse-workspace\Spark-Java\spark"/>
    <property name="file.separator" value="\"/>
    <property name="line.separator" value="&#10;"/>
    <property name="java.vm.specification.vendor" value="Oracle Corporation"/>
    <property name="java.specification.name" value="Java Platform API Specification"/>
    <property name="java.awt.graphicsenv" value="sun.awt.Win32GraphicsEnvironment"/>
    <property name="surefire.real.class.path" value="C:\Users\ndh00279\AppData\Local\Temp\surefire4277628202717228501\surefirebooter7061740798205533499.jar"/>
    <property name="sun.boot.class.path" value="C:\Program Files\Java\jdk1.8.0_191\jre\lib\resources.jar;C:\Program Files\Java\jdk1.8.0_191\jre\lib\rt.jar;C:\Program Files\Java\jdk1.8.0_191\jre\lib\sunrsasign.jar;C:\Program Files\Java\jdk1.8.0_191\jre\lib\jsse.jar;C:\Program Files\Java\jdk1.8.0_191\jre\lib\jce.jar;C:\Program Files\Java\jdk1.8.0_191\jre\lib\charsets.jar;C:\Program Files\Java\jdk1.8.0_191\jre\lib\jfr.jar;C:\Program Files\Java\jdk1.8.0_191\jre\classes"/>
    <property name="user.script" value=""/>
    <property name="sun.management.compiler" value="HotSpot 64-Bit Tiered Compilers"/>
    <property name="java.runtime.version" value="1.8.0_191-b12"/>
    <property name="user.name" value="NDH00279"/>
    <property name="path.separator" value=";"/>
    <property name="os.version" value="10.0"/>
    <property name="java.endorsed.dirs" value="C:\Program Files\Java\jdk1.8.0_191\jre\lib\endorsed"/>
    <property name="java.runtime.name" value="Java(TM) SE Runtime Environment"/>
    <property name="file.encoding" value="Cp1252"/>
    <property name="java.vm.name" value="Java HotSpot(TM) 64-Bit Server VM"/>
    <property name="localRepository" value="C:\Users\ndh00279\.m2\repository"/>
    <property name="java.vendor.url.bug" value="http://bugreport.sun.com/bugreport/"/>
    <property name="java.io.tmpdir" value="C:\Users\ndh00279\AppData\Local\Temp\"/>
    <property name="java.version" value="1.8.0_191"/>
    <property name="user.dir" value="C:\Users\ndh00279\eclipse-workspace\Spark-Java\spark"/>
    <property name="os.arch" value="amd64"/>
    <property name="java.vm.specification.name" value="Java Virtual Machine Specification"/>
    <property name="java.awt.printerjob" value="sun.awt.windows.WPrinterJob"/>
    <property name="sun.os.patch.level" value=""/>
    <property name="java.library.path" value="C:\Program Files\Java\jdk1.8.0_191\jre\bin;C:\Windows\Sun\Java\bin;C:\Windows\system32;C:\Windows;C:/Program Files/Java/jdk1.8.0_191/bin/../jre/bin/server;C:/Program Files/Java/jdk1.8.0_191/bin/../jre/bin;C:/Program Files/Java/jdk1.8.0_191/bin/../jre/lib/amd64;C:\Program Files\Java\jdk1.8.0_191\bin;C:\Program Files\Java\jre1.8.0_191\bin;C:\Program Files (x86)\Common Files\Oracle\Java\javapath;C:\Windows\system32;C:\Windows;C:\Windows\System32\Wbem;C:\Windows\System32\WindowsPowerShell\v1.0\;C:\Windows\System32\OpenSSH\;C:\Program Files\SafeNet\Authentication\SAC\x64;C:\Program Files\SafeNet\Authentication\SAC\x32;C:\Program Files\nodejs\;C:\Users\ndh00279\AppData\Local\Programs\Python\Python37;C:\Program Files (x86)\Gow\bin;C:\Spark\spark-2.4.0-bin-hadoop2.7\bin;C:\Users\ndh00279\AppData\Local\Programs\Python\Python37\Scripts;C:\Users\ndh00279\Downloads\scala-2.11.8\bin;C:\Users\ndh00279\Downloads;C:\Users\ndh00279\Downloads\sbt-1.2.8\sbt\bin;C:\Program Files (x86)\sbt\bin;C:\Users\ndh00279\Downloads\apache-maven-3.6.0-bin\apache-maven-3.6.0\bin;C:\zookeeper-3.4.12\bin;C:\Users\ndh00279\AppData\Local\Microsoft\WindowsApps;C:\Users\ndh00279\AppData\Local\atom\bin;C:\Users\ndh00279\AppData\Roaming\npm;C:\Users\ndh00279\AppData\Local\Programs\Microsoft VS Code\bin;C:\Users\ndh00279\Downloads\eclipse-jee-2018-09-win32-x86_64\eclipse;;."/>
    <property name="java.vm.info" value="mixed mode"/>
    <property name="java.vendor" value="Oracle Corporation"/>
    <property name="java.vm.version" value="25.191-b12"/>
    <property name="java.ext.dirs" value="C:\Program Files\Java\jdk1.8.0_191\jre\lib\ext;C:\Windows\Sun\Java\lib\ext"/>
    <property name="sun.io.unicode.encoding" value="UnicodeLittle"/>
    <property name="java.class.version" value="52.0"/>
  </properties>
  <testcase name="shouldAnswerWithTrue" classname="com.nikh.spark.AppTest" time="0.003"/>
</testsuite>